<?xml version="1.0" encoding="UTF-8"?>
<!-- Generated by org.testng.reporters.JUnitXMLReporter -->
<testsuite hostname="KiwiQA-PC" name="TC_CRM_005: To verify user can Complete Await Payment Confirmation Task and Permit Document PDF generated." tests="1" failures="0" timestamp="15 Dec 2017 06:11:40 GMT" time="0.007" errors="0">
  <testcase name="test5" time="0.002" classname="com.testReport.TestNGreport">
    <skipped/>
  </testcase> <!-- test5 -->
</testsuite> <!-- TC_CRM_005: To verify user can Complete Await Payment Confirmation Task and Permit Document PDF generated. -->
