<?xml version="1.0" encoding="UTF-8"?>
<!-- Generated by org.testng.reporters.JUnitXMLReporter -->
<testsuite hostname="KiwiQA-PC" name="TC_CRM_001: To verify submitted Application task status for application having Convictions, document uploded and wildlife possession." tests="1" failures="0" timestamp="15 Dec 2017 06:11:40 GMT" time="0.007" errors="0">
  <testcase name="test2" time="0.003" classname="com.testReport.TestNGreport"/>
</testsuite> <!-- TC_CRM_001: To verify submitted Application task status for application having Convictions, document uploded and wildlife possession. -->
